<?xml version="1.0" encoding="UTF-8"?>
<testng-results skipped="0" failed="0" total="1" passed="1">
  <reporter-output>
  </reporter-output>
  <suite name="Default suite" duration-ms="45802" started-at="2015-07-28T21:23:07Z" finished-at="2015-07-28T21:23:53Z">
    <groups>
    </groups>
    <test name="Default test" duration-ms="45802" started-at="2015-07-28T21:23:07Z" finished-at="2015-07-28T21:23:53Z">
      <class name="com.testclass.bsepagetest">
        <test-method status="PASS" signature="setup()[pri:0, instance:com.testclass.bsepagetest@6e038230]" name="setup" is-config="true" duration-ms="45762" started-at="2015-07-28T14:23:07Z" finished-at="2015-07-28T14:23:53Z">
          <reporter-output>
          </reporter-output>
        </test-method> <!-- setup -->
        <test-method status="PASS" signature="logintest()[pri:0, instance:com.testclass.bsepagetest@6e038230]" name="logintest" duration-ms="24" started-at="2015-07-28T14:23:53Z" finished-at="2015-07-28T14:23:53Z">
          <reporter-output>
          </reporter-output>
        </test-method> <!-- logintest -->
      </class> <!-- com.testclass.bsepagetest -->
    </test> <!-- Default test -->
  </suite> <!-- Default suite -->
</testng-results>
