<?xml version="1.0" encoding="UTF-8"?>
<testng-results skipped="0" failed="0" total="1" passed="1">
  <reporter-output>
  </reporter-output>
  <suite name="Default suite" duration-ms="27435" started-at="2015-07-25T19:07:36Z" finished-at="2015-07-25T19:08:04Z">
    <groups>
    </groups>
    <test name="Default test" duration-ms="27435" started-at="2015-07-25T19:07:36Z" finished-at="2015-07-25T19:08:04Z">
      <class name="com.testclass.bsepagetest">
        <test-method status="PASS" signature="testSearch()[pri:0, instance:com.testclass.bsepagetest@25a6cc45]" name="testSearch" duration-ms="27402" started-at="2015-07-25T12:07:36Z" finished-at="2015-07-25T12:08:04Z">
          <reporter-output>
          </reporter-output>
        </test-method> <!-- testSearch -->
      </class> <!-- com.testclass.bsepagetest -->
    </test> <!-- Default test -->
  </suite> <!-- Default suite -->
</testng-results>
